
[2022-11-28 12:28:00] [INFO ] [AccountServiceImplementation:26] Inicio método getAll.
[2022-11-28 12:28:00] [INFO ] [AccountServiceImplementation:28] Fin método getAll.
[2022-11-28 12:52:29] [INFO ] [AccountServiceImplementation:28] Inicio método getAll.
[2022-11-28 12:52:29] [INFO ] [AccountServiceImplementation:30] Fin método getAll.
[2022-11-28 12:55:22] [INFO ] [AccountServiceImplementation:65] Inicio método registerAccount.
[2022-11-28 12:55:22] [INFO ] [AccountServiceImplementation:87] Fin método save.
[2022-11-28 12:56:32] [INFO ] [AccountServiceImplementation:65] Inicio método registerAccount.
[2022-11-28 12:56:32] [INFO ] [AccountServiceImplementation:87] Fin método save.
[2022-11-28 12:56:53] [INFO ] [AccountServiceImplementation:65] Inicio método registerAccount.
[2022-11-28 12:56:53] [INFO ] [AccountServiceImplementation:87] Fin método save.
[2022-11-28 12:56:57] [INFO ] [AccountServiceImplementation:65] Inicio método registerAccount.
[2022-11-28 12:56:57] [INFO ] [AccountServiceImplementation:87] Fin método save.
[2022-11-28 12:57:38] [INFO ] [AccountServiceImplementation:28] Inicio método getAll.
[2022-11-28 12:57:38] [INFO ] [AccountServiceImplementation:30] Fin método getAll.
[2022-11-28 12:57:52] [INFO ] [AccountServiceImplementation:65] Inicio método registerAccount.
[2022-11-28 12:57:52] [INFO ] [AccountServiceImplementation:87] Fin método save.
[2022-11-28 12:57:58] [INFO ] [AccountServiceImplementation:65] Inicio método registerAccount.
[2022-11-28 12:57:58] [INFO ] [AccountServiceImplementation:87] Fin método save.
[2022-11-28 12:58:58] [INFO ] [AccountServiceImplementation:65] Inicio método registerAccount.
[2022-11-28 12:58:58] [INFO ] [AccountServiceImplementation:87] Fin método save.
[2022-11-28 12:59:51] [INFO ] [AccountServiceImplementation:65] Inicio método registerAccount.
[2022-11-28 12:59:51] [INFO ] [AccountServiceImplementation:87] Fin método save.
[2022-11-28 13:00:00] [INFO ] [AccountServiceImplementation:65] Inicio método registerAccount.
[2022-11-28 13:00:00] [INFO ] [AccountServiceImplementation:87] Fin método save.
[2022-11-28 13:02:31] [INFO ] [AccountServiceImplementation:65] Inicio método registerAccount.
[2022-11-28 13:02:31] [INFO ] [AccountServiceImplementation:87] Fin método save.
[2022-11-28 13:02:50] [INFO ] [AccountServiceImplementation:65] Inicio método registerAccount.
[2022-11-28 13:02:50] [INFO ] [AccountServiceImplementation:87] Fin método save.
[2022-11-28 13:03:27] [INFO ] [AccountServiceImplementation:65] Inicio método registerAccount.
[2022-11-28 13:03:27] [INFO ] [AccountServiceImplementation:87] Fin método save.
[2022-11-28 13:03:57] [INFO ] [AccountServiceImplementation:65] Inicio método registerAccount.
[2022-11-28 13:03:57] [INFO ] [AccountServiceImplementation:87] Fin método save.
[2022-11-28 13:04:24] [INFO ] [AccountServiceImplementation:65] Inicio método registerAccount.
[2022-11-28 13:04:24] [INFO ] [AccountServiceImplementation:88] Fin método save.
[2022-11-28 13:06:03] [INFO ] [AccountServiceImplementation:65] Inicio método registerAccount.
[2022-11-28 13:06:03] [INFO ] [AccountServiceImplementation:88] Fin método save.
[2022-11-28 13:06:34] [INFO ] [AccountServiceImplementation:65] Inicio método abc registerAccount.
[2022-11-28 13:06:34] [INFO ] [AccountServiceImplementation:66] abcE
[2022-11-28 13:06:34] [INFO ] [AccountServiceImplementation:67] Fin método registerAccount.
[2022-11-28 13:06:34] [INFO ] [AccountServiceImplementation:90] Fin método save.
[2022-11-28 13:08:53] [INFO ] [AccountServiceImplementation:65] Inicio método registerAccount.
[2022-11-28 13:08:53] [INFO ] [AccountServiceImplementation:89] Acá
[2022-11-28 13:12:53] [INFO ] [AccountServiceImplementation:65] Inicio método registerAccount.
[2022-11-28 13:12:53] [INFO ] [AccountServiceImplementation:70] Fin método registerAccount.
[2022-11-28 13:13:15] [INFO ] [AccountServiceImplementation:65] Inicio método registerAccount.
[2022-11-28 13:13:15] [INFO ] [AccountServiceImplementation:70] Fin método registerAccount.
[2022-11-28 13:13:42] [INFO ] [AccountServiceImplementation:65] Inicio método registerAccount.
[2022-11-28 13:13:42] [INFO ] [AccountServiceImplementation:70] Fin método registerAccount.
[2022-11-28 13:13:56] [INFO ] [AccountServiceImplementation:65] Inicio método registerAccount.
[2022-11-28 13:13:56] [INFO ] [AccountServiceImplementation:70] Fin método registerAccount.
[2022-11-28 13:16:42] [INFO ] [AccountServiceImplementation:65] Inicio método registerAccount.
[2022-11-28 13:16:46] [INFO ] [AccountServiceImplementation:65] Inicio método registerAccount.
[2022-11-28 13:16:47] [INFO ] [AccountServiceImplementation:65] Inicio método registerAccount.
[2022-11-28 13:16:52] [INFO ] [AccountServiceImplementation:65] Inicio método registerAccount.
[2022-11-28 13:17:07] [INFO ] [AccountServiceImplementation:65] Inicio método registerAccount.
[2022-11-28 13:20:01] [INFO ] [AccountServiceImplementation:65] Inicio método registerAccount.
[2022-11-28 13:20:06] [INFO ] [AccountServiceImplementation:65] Inicio método registerAccount.
[2022-11-28 13:20:42] [INFO ] [AccountServiceImplementation:65] Inicio método registerAccount.
[2022-11-28 13:24:50] [INFO ] [AccountServiceImplementation:65] Inicio método registerAccount.
[2022-11-28 13:26:38] [INFO ] [AccountServiceImplementation:65] Inicio método registerAccount.
[2022-11-28 13:26:43] [INFO ] [AccountServiceImplementation:65] Inicio método registerAccount.
[2022-11-28 13:26:53] [INFO ] [AccountServiceImplementation:65] Inicio método registerAccount.
[2022-11-28 13:27:34] [INFO ] [AccountServiceImplementation:65] Inicio método registerAccount.
[2022-11-28 14:05:24] [INFO ] [AccountServiceImplementation:20] Inicio método getOne.
[2022-11-28 14:05:24] [INFO ] [AccountServiceImplementation:22] Fin método getOne.
[2022-11-28 14:05:29] [INFO ] [AccountServiceImplementation:20] Inicio método getOne.
[2022-11-28 14:05:29] [INFO ] [AccountServiceImplementation:22] Fin método getOne.
[2022-11-28 17:12:52] [INFO ] [AccountServiceImplementation:85] Inicio método findAccountByClient.
[2022-11-28 17:13:04] [INFO ] [AccountServiceImplementation:27] Inicio método getAll.
